<?xml version="1.0" encoding="UTF-8"?>
<!-- Generated by org.testng.reporters.JUnitReportReporter -->
<testsuite hostname="Vishal-ASUS" failures="0" tests="1" name="AppiumFirstProject.SwipeGesture05" time="7.467" errors="0" timestamp="2024-06-15T13:29:51 IST" skipped="0">
  <testcase classname="AppiumFirstProject.SwipeGesture05" name="swipeGestureTest" time="7.467"/>
</testsuite> <!-- AppiumFirstProject.SwipeGesture05 -->
