<?xml version="1.0" encoding="UTF-8"?>
<!-- Generated by org.testng.reporters.JUnitReportReporter -->
<testsuite hostname="Vishal-ASUS" failures="0" tests="1" name="AppiumFirstProject.PracticeRough" time="10.413" errors="0" timestamp="2024-06-15T08:18:02 IST" skipped="0">
  <testcase classname="AppiumFirstProject.PracticeRough" name="RoughTest" time="10.413"/>
</testsuite> <!-- AppiumFirstProject.PracticeRough -->
