<?xml version="1.0" encoding="UTF-8"?>
<!-- Generated by org.testng.reporters.JUnitReportReporter -->
<testsuite hostname="Vishal-ASUS" failures="0" tests="1" name="eCommerceTestCases.ECommerce_tc_01" time="32.904" errors="0" timestamp="2024-06-19T15:10:38 IST" skipped="0">
  <testcase classname="eCommerceTestCases.ECommerce_tc_01" name="webPageAfterProceedTest" time="32.904"/>
</testsuite> <!-- eCommerceTestCases.ECommerce_tc_01 -->
