<?xml version="1.0" encoding="UTF-8"?>
<!-- Generated by org.testng.reporters.JUnitReportReporter -->
<testsuite hostname="Vishal-ASUS" failures="0" tests="1" name="AppiumFirstProject.SimplifiedSwipeGesture05" time="7.495" errors="0" timestamp="2024-06-15T13:42:15 IST" skipped="0">
  <testcase classname="AppiumFirstProject.SimplifiedSwipeGesture05" name="swipeGestureTest" time="7.495"/>
</testsuite> <!-- AppiumFirstProject.SimplifiedSwipeGesture05 -->
