<?xml version="1.0" encoding="UTF-8"?>
<!-- Generated by org.testng.reporters.JUnitReportReporter -->
<testsuite hostname="Vishal-ASUS" failures="0" tests="1" name="AppiumFirstProject.MobileGestures03" time="13.485" errors="0" timestamp="2024-06-15T08:57:25 IST" skipped="0">
  <testcase classname="AppiumFirstProject.MobileGestures03" name="testLongPressGesture" time="13.485"/>
</testsuite> <!-- AppiumFirstProject.MobileGestures03 -->
