<?xml version="1.0" encoding="UTF-8"?>
<!-- Generated by org.testng.reporters.JUnitReportReporter -->
<testsuite hostname="Vishal-ASUS" failures="0" tests="1" name="AppiumFirstProject.SimplifiedDragAndDrop06" time="7.205" errors="0" timestamp="2024-06-15T16:48:01 IST" skipped="0">
  <testcase classname="AppiumFirstProject.SimplifiedDragAndDrop06" name="dragAndDropTest" time="7.205"/>
</testsuite> <!-- AppiumFirstProject.SimplifiedDragAndDrop06 -->
