<?xml version="1.0" encoding="UTF-8"?>
<!-- Generated by org.testng.reporters.JUnitReportReporter -->
<testsuite hostname="Vishal-ASUS" failures="0" tests="1" name="AppiumFirstProject.SimplifyingMobileGesture03" time="17.617" errors="0" timestamp="2024-06-15T09:12:18 IST" skipped="0">
  <testcase classname="AppiumFirstProject.SimplifyingMobileGesture03" name="testLongPressGesture" time="17.617"/>
</testsuite> <!-- AppiumFirstProject.SimplifyingMobileGesture03 -->
