<?xml version="1.0" encoding="UTF-8"?>
<!-- Generated by org.testng.reporters.JUnitReportReporter -->
<testsuite hostname="Vishal-ASUS" failures="0" tests="1" name="eCommerceTestCases.ECommerce_tc_01" time="24.965" errors="0" timestamp="2024-06-16T15:56:27 IST" skipped="0">
  <testcase classname="eCommerceTestCases.ECommerce_tc_01" name="verifyTotalAmountIsCorrect" time="24.965"/>
</testsuite> <!-- eCommerceTestCases.ECommerce_tc_01 -->
