<?xml version="1.0" encoding="UTF-8"?>
<!-- Generated by org.testng.reporters.JUnitReportReporter -->
<testsuite hostname="Vishal-ASUS" failures="0" tests="1" name="AppiumFirstProject.AppiumBasics02" time="6.565" errors="0" timestamp="2024-06-14T20:04:09 IST" skipped="0">
  <testcase classname="AppiumFirstProject.AppiumBasics02" name="CheckLabelOfPopup" time="6.565"/>
</testsuite> <!-- AppiumFirstProject.AppiumBasics02 -->
