<?xml version="1.0" encoding="UTF-8"?>
<!-- Generated by org.testng.reporters.JUnitReportReporter -->
<testsuite hostname="Vishal-ASUS" failures="0" tests="1" name="AppiumFirstProject.DirectlyToAppDesiredPage08" time="8.002" errors="0" timestamp="2024-06-15T18:29:34 IST" skipped="0">
  <testcase classname="AppiumFirstProject.DirectlyToAppDesiredPage08" name="directlyToAppDesiredPage08Test" time="8.002"/>
</testsuite> <!-- AppiumFirstProject.DirectlyToAppDesiredPage08 -->
