<?xml version="1.0" encoding="UTF-8"?>
<!-- Generated by org.testng.reporters.JUnitReportReporter -->
<testsuite hostname="Vishal-ASUS" failures="0" tests="1" name="AppiumFirstProject.ScrollGesture04" time="41.900" errors="0" timestamp="2024-06-15T15:24:41 IST" skipped="0">
  <testcase classname="AppiumFirstProject.ScrollGesture04" name="ScrollGestureTest" time="41.900"/>
</testsuite> <!-- AppiumFirstProject.ScrollGesture04 -->
