<?xml version="1.0" encoding="UTF-8"?>
<!-- Generated by org.testng.reporters.JUnitReportReporter -->
<testsuite hostname="Vishal-ASUS" failures="0" tests="1" name="AppiumFirstProject.RoughExperi" time="0.007" errors="0" timestamp="2024-06-16T14:54:04 IST" skipped="0">
  <testcase classname="AppiumFirstProject.RoughExperi" name="anothertest" time="0.007"/>
</testsuite> <!-- AppiumFirstProject.RoughExperi -->
