<?xml version="1.0" encoding="UTF-8"?>
<!-- Generated by org.testng.reporters.JUnitReportReporter -->
<testsuite hostname="Vishal-ASUS" failures="0" tests="1" name="AppiumFirstProject.SimplifiedScrollGesture5" time="9.107" errors="0" timestamp="2024-06-15T12:49:35 IST" skipped="0">
  <testcase classname="AppiumFirstProject.SimplifiedScrollGesture5" name="ScrollGestureTest" time="9.107"/>
</testsuite> <!-- AppiumFirstProject.SimplifiedScrollGesture5 -->
