<?xml version="1.0" encoding="UTF-8"?>
<!-- Generated by org.testng.reporters.JUnitReportReporter -->
<testsuite hostname="Vishal-ASUS" failures="0" tests="1" name="AppiumFirstProject.DragAndDrop06" time="6.821" errors="0" timestamp="2024-06-15T16:34:15 IST" skipped="0">
  <testcase classname="AppiumFirstProject.DragAndDrop06" name="dragAndDropTest" time="6.821"/>
</testsuite> <!-- AppiumFirstProject.DragAndDrop06 -->
