<?xml version="1.0" encoding="UTF-8"?>
<!-- Generated by org.testng.reporters.JUnitReportReporter -->
<testsuite hostname="Vishal-ASUS" failures="0" tests="1" name="AppiumFirstProject.MiscellaneousActivities07" time="19.991" errors="0" timestamp="2024-06-15T17:06:41 IST" skipped="0">
  <testcase classname="AppiumFirstProject.MiscellaneousActivities07" name="miscellaneousTest" time="19.991"/>
</testsuite> <!-- AppiumFirstProject.MiscellaneousActivities07 -->
