<?xml version="1.0" encoding="UTF-8"?>
<!-- Generated by org.testng.reporters.JUnitReportReporter -->
<testsuite hostname="Vishal-ASUS" failures="0" tests="1" name="AppiumFirstProject.MobileBrowserTest09" time="7.791" errors="0" timestamp="2024-06-19T16:09:28 IST" skipped="0">
  <testcase classname="AppiumFirstProject.MobileBrowserTest09" name="anotherWebTestUsingRahulWeb" time="7.791"/>
</testsuite> <!-- AppiumFirstProject.MobileBrowserTest09 -->
