<?xml version="1.0" encoding="UTF-8"?>
<!-- Generated by org.testng.reporters.JUnitReportReporter -->
<testsuite hostname="Vishal-ASUS" failures="0" tests="1" name="AppiumFirstProject.AppiumBasics01" time="8.180" errors="0" timestamp="2024-06-14T16:17:04 IST" skipped="0">
  <testcase classname="AppiumFirstProject.AppiumBasics01" name="AppiumTest" time="8.180"/>
</testsuite> <!-- AppiumFirstProject.AppiumBasics01 -->
